<?xml version="1.0" encoding="UTF-8"?>
<testng-results skipped="0" failed="0" ignored="0" total="1" passed="1">
  <reporter-output>
  </reporter-output>
  <suite name="Default suite" duration-ms="36" started-at="2019-06-08T12:53:24Z" finished-at="2019-06-08T12:53:24Z">
    <groups>
    </groups>
    <test name="Default test" duration-ms="36" started-at="2019-06-08T12:53:24Z" finished-at="2019-06-08T12:53:24Z">
      <class name="Entrada.MobileApp.App">
        <test-method status="PASS" signature="sasas()[pri:0, instance:Entrada.MobileApp.App@69fb6037]" name="sasas" duration-ms="9" started-at="2019-06-08T12:53:24Z" finished-at="2019-06-08T12:53:24Z">
          <reporter-output>
          </reporter-output>
        </test-method> <!-- sasas -->
      </class> <!-- Entrada.MobileApp.App -->
    </test> <!-- Default test -->
  </suite> <!-- Default suite -->
</testng-results>
