<?xml version="1.0" encoding="UTF-8"?>
<testng-results skipped="0" failed="0" total="1" passed="1">
  <reporter-output>
  </reporter-output>
  <suite name="Default suite" duration-ms="59904" started-at="2019-06-01T12:54:34Z" finished-at="2019-06-01T12:55:33Z">
    <groups>
    </groups>
    <test name="Default test" duration-ms="59904" started-at="2019-06-01T12:54:34Z" finished-at="2019-06-01T12:55:33Z">
      <class name="Entrada.MobileApp.TC1">
        <test-method status="PASS" signature="LoginApp()[pri:0, instance:Entrada.MobileApp.TC1@20322d26]" test-instance-name="" name="LoginApp" duration-ms="59850" started-at="2019-06-01T18:24:34Z" finished-at="2019-06-01T18:25:33Z">
          <reporter-output>
          </reporter-output>
        </test-method> <!-- LoginApp -->
      </class> <!-- Entrada.MobileApp.TC1 -->
    </test> <!-- Default test -->
  </suite> <!-- Default suite -->
</testng-results>
